  matrix.cpp
c:\users\martino\onedrive\unimi\magistrale\gpu computing\tesi_gpu\tesi_gpu\tesi_gpu\matrix.cpp(198): warning C4244: '+=': conversione da '__int64' a 'int'. Possibile perdita di dati.
c:\users\martino\onedrive\unimi\magistrale\gpu computing\tesi_gpu\tesi_gpu\tesi_gpu\matrix.cpp(199): warning C4244: '+=': conversione da '__int64' a 'int'. Possibile perdita di dati.
  
  C:\Users\Martino\OneDrive\Unimi\Magistrale\GPU computing\Tesi_GPU\tesi_gpu\tesi_gpu>"C:\Program Files\NVIDIA GPU Computing Toolkit\CUDA\v10.1\bin\nvcc.exe" -dlink -o x64\Debug\tesi_gpu.device-link.obj -Xcompiler "/EHsc /W3 /nologo /Od /Zi /RTC1 /MDd " -L"C:\Program Files\NVIDIA GPU Computing Toolkit\CUDA\v10.1\lib\x64" -L"C:\Program Files\NVIDIA GPU Computing Toolkit\CUDA\v10.1\lib\x64" -L"C:\Program Files\NVIDIA GPU Computing Toolkit\CUDA\v10.1\lib\x64" cudart_static.lib kernel32.lib user32.lib gdi32.lib winspool.lib comdlg32.lib advapi32.lib shell32.lib ole32.lib oleaut32.lib uuid.lib odbc32.lib odbccp32.lib cudadevrt.lib  -gencode=arch=compute_52,code=sm_52  --machine 64 x64\Debug\main.cu.obj 
  cudart_static.lib
  kernel32.lib
  user32.lib
  gdi32.lib
  winspool.lib
  comdlg32.lib
  advapi32.lib
  shell32.lib
  ole32.lib
  oleaut32.lib
  uuid.lib
  odbc32.lib
  odbccp32.lib
  cudadevrt.lib
  main.cu.obj
     Creazione della libreria C:\Users\Martino\OneDrive\Unimi\Magistrale\GPU computing\Tesi_GPU\tesi_gpu\x64\Debug\tesi_gpu.lib e dell'oggetto C:\Users\Martino\OneDrive\Unimi\Magistrale\GPU computing\Tesi_GPU\tesi_gpu\x64\Debug\tesi_gpu.exp
  tesi_gpu.vcxproj -> C:\Users\Martino\OneDrive\Unimi\Magistrale\GPU computing\Tesi_GPU\tesi_gpu\x64\Debug\tesi_gpu.exe
