c:\users\marti\onedrive\unimi\magistrale\gpu computing\tesi_gpu\tesi_gpu\tesi_gpu\x64\debug\vc141.pdb
c:\users\marti\onedrive\unimi\magistrale\gpu computing\tesi_gpu\tesi_gpu\tesi_gpu\x64\debug\vc141.idb
c:\users\marti\onedrive\unimi\magistrale\gpu computing\tesi_gpu\tesi_gpu\tesi_gpu\x64\debug\utility.obj
c:\users\marti\onedrive\unimi\magistrale\gpu computing\tesi_gpu\tesi_gpu\tesi_gpu\x64\debug\scan.obj
c:\users\marti\onedrive\unimi\magistrale\gpu computing\tesi_gpu\tesi_gpu\tesi_gpu\x64\debug\matrix.obj
c:\users\marti\onedrive\unimi\magistrale\gpu computing\tesi_gpu\tesi_gpu\tesi_gpu\x64\debug\linalg.obj
x64\debug\main.cu.obj
x64\debug\utility_cuda.cu.obj
c:\users\marti\onedrive\unimi\magistrale\gpu computing\tesi_gpu\tesi_gpu\x64\debug\tesi_gpu.ilk
c:\users\marti\onedrive\unimi\magistrale\gpu computing\tesi_gpu\tesi_gpu\x64\debug\tesi_gpu.exe
c:\users\marti\onedrive\unimi\magistrale\gpu computing\tesi_gpu\tesi_gpu\x64\debug\tesi_gpu.pdb
c:\users\marti\onedrive\unimi\magistrale\gpu computing\tesi_gpu\tesi_gpu\x64\debug\tesi_gpu.lib
c:\users\marti\onedrive\unimi\magistrale\gpu computing\tesi_gpu\tesi_gpu\x64\debug\tesi_gpu.exp
c:\users\marti\onedrive\unimi\magistrale\gpu computing\tesi_gpu\tesi_gpu\tesi_gpu\x64\debug\main.cu.cache
c:\users\marti\onedrive\unimi\magistrale\gpu computing\tesi_gpu\tesi_gpu\tesi_gpu\x64\debug\utility_cuda.cu.cache
c:\users\marti\onedrive\unimi\magistrale\gpu computing\tesi_gpu\tesi_gpu\tesi_gpu\x64\debug\main.cu.obj
c:\users\marti\onedrive\unimi\magistrale\gpu computing\tesi_gpu\tesi_gpu\tesi_gpu\x64\debug\tesi_gpu.device-link.obj
c:\users\marti\onedrive\unimi\magistrale\gpu computing\tesi_gpu\tesi_gpu\tesi_gpu\x64\debug\utility_cuda.cu.obj
c:\users\marti\onedrive\unimi\magistrale\gpu computing\tesi_gpu\tesi_gpu\tesi_gpu\x64\debug\tesi_gpu.tlog\cl.command.1.tlog
c:\users\marti\onedrive\unimi\magistrale\gpu computing\tesi_gpu\tesi_gpu\tesi_gpu\x64\debug\tesi_gpu.tlog\cl.read.1.tlog
c:\users\marti\onedrive\unimi\magistrale\gpu computing\tesi_gpu\tesi_gpu\tesi_gpu\x64\debug\tesi_gpu.tlog\cl.write.1.tlog
c:\users\marti\onedrive\unimi\magistrale\gpu computing\tesi_gpu\tesi_gpu\tesi_gpu\x64\debug\tesi_gpu.tlog\cudacompile.read.1u.tlog
c:\users\marti\onedrive\unimi\magistrale\gpu computing\tesi_gpu\tesi_gpu\tesi_gpu\x64\debug\tesi_gpu.tlog\cudacompile.write.1u.tlog
c:\users\marti\onedrive\unimi\magistrale\gpu computing\tesi_gpu\tesi_gpu\tesi_gpu\x64\debug\tesi_gpu.tlog\link.command.1.tlog
c:\users\marti\onedrive\unimi\magistrale\gpu computing\tesi_gpu\tesi_gpu\tesi_gpu\x64\debug\tesi_gpu.tlog\link.read.1.tlog
c:\users\marti\onedrive\unimi\magistrale\gpu computing\tesi_gpu\tesi_gpu\tesi_gpu\x64\debug\tesi_gpu.tlog\link.write.1.tlog
c:\users\marti\onedrive\unimi\magistrale\gpu computing\tesi_gpu\tesi_gpu\tesi_gpu\x64\debug\tesi_gpu.tlog\tesi_gpu.write.1u.tlog
